This file contains any messages produced by compilers while
running configure, to aid debugging if configure makes a mistake.

It was created by resample configure 1.8.1, which was
generated by GNU Autoconf 2.59.  Invocation command line was

  $ ./configure --no-create --no-recursion

## --------- ##
## Platform. ##
## --------- ##

hostname = lucid-1001px
uname -m = x86_64
uname -r = 2.6.32-46-generic
uname -s = Linux
uname -v = #108-Ubuntu SMP Thu Apr 11 15:56:25 UTC 2013

/usr/bin/uname -p = unknown
/bin/uname -X     = unknown

/bin/arch              = unknown
/usr/bin/arch -k       = unknown
/usr/convex/getsysinfo = unknown
hostinfo               = unknown
/bin/machine           = unknown
/usr/bin/oslevel       = unknown
/bin/universe          = unknown

PATH: /usr/local/sbin
PATH: /usr/local/bin
PATH: /usr/sbin
PATH: /usr/bin
PATH: /sbin
PATH: /bin
PATH: /usr/games


## ----------- ##
## Core tests. ##
## ----------- ##

configure:1352: checking for a BSD-compatible install
configure:1407: result: /usr/bin/install -c
configure:1418: checking whether build environment is sane
configure:1461: result: yes
configure:1526: checking for gawk
configure:1542: found /usr/bin/gawk
configure:1552: result: gawk
configure:1562: checking whether make sets $(MAKE)
configure:1582: result: yes
configure:1803: checking for gcc
configure:1819: found /usr/bin/gcc
configure:1829: result: gcc
configure:2073: checking for C compiler version
configure:2076: gcc --version </dev/null >&5
gcc (Ubuntu 4.4.3-4ubuntu5.1) 4.4.3
Copyright (C) 2009 Free Software Foundation, Inc.
This is free software; see the source for copying conditions.  There is NO
warranty; not even for MERCHANTABILITY or FITNESS FOR A PARTICULAR PURPOSE.

configure:2079: $? = 0
configure:2081: gcc -v </dev/null >&5
Using built-in specs.
Target: x86_64-linux-gnu
Configured with: ../src/configure -v --with-pkgversion='Ubuntu 4.4.3-4ubuntu5.1' --with-bugurl=file:///usr/share/doc/gcc-4.4/README.Bugs --enable-languages=c,c++,fortran,objc,obj-c++ --prefix=/usr --enable-shared --enable-multiarch --enable-linker-build-id --with-system-zlib --libexecdir=/usr/lib --without-included-gettext --enable-threads=posix --with-gxx-include-dir=/usr/include/c++/4.4 --program-suffix=-4.4 --enable-nls --enable-clocale=gnu --enable-libstdcxx-debug --enable-plugin --enable-objc-gc --disable-werror --with-arch-32=i486 --with-tune=generic --enable-checking=release --build=x86_64-linux-gnu --host=x86_64-linux-gnu --target=x86_64-linux-gnu
Thread model: posix
gcc version 4.4.3 (Ubuntu 4.4.3-4ubuntu5.1) 
configure:2084: $? = 0
configure:2086: gcc -V </dev/null >&5
gcc: '-V' option must have argument
configure:2089: $? = 1
configure:2112: checking for C compiler default output file name
configure:2115: gcc    conftest.c  >&5
configure:2118: $? = 0
configure:2164: result: a.out
configure:2169: checking whether the C compiler works
configure:2175: ./a.out
configure:2178: $? = 0
configure:2195: result: yes
configure:2202: checking whether we are cross compiling
configure:2204: result: no
configure:2207: checking for suffix of executables
configure:2209: gcc -o conftest    conftest.c  >&5
configure:2212: $? = 0
configure:2237: result: 
configure:2243: checking for suffix of object files
configure:2264: gcc -c   conftest.c >&5
configure:2267: $? = 0
configure:2289: result: o
configure:2293: checking whether we are using the GNU C compiler
configure:2317: gcc -c   conftest.c >&5
configure:2323: $? = 0
configure:2327: test -z 
			 || test ! -s conftest.err
configure:2330: $? = 0
configure:2333: test -s conftest.o
configure:2336: $? = 0
configure:2349: result: yes
configure:2355: checking whether gcc accepts -g
configure:2376: gcc -c -g  conftest.c >&5
configure:2382: $? = 0
configure:2386: test -z 
			 || test ! -s conftest.err
configure:2389: $? = 0
configure:2392: test -s conftest.o
configure:2395: $? = 0
configure:2406: result: yes
configure:2423: checking for gcc option to accept ANSI C
configure:2493: gcc  -c -g -O2  conftest.c >&5
configure:2499: $? = 0
configure:2503: test -z 
			 || test ! -s conftest.err
configure:2506: $? = 0
configure:2509: test -s conftest.o
configure:2512: $? = 0
configure:2530: result: none needed
configure:2548: gcc -c -g -O2  conftest.c >&5
conftest.c:2: error: expected '=', ',', ';', 'asm' or '__attribute__' before 'me'
configure:2554: $? = 1
configure: failed program was:
| #ifndef __cplusplus
|   choke me
| #endif
configure:2698: checking for style of include used by make
configure:2726: result: GNU
configure:2754: checking dependency style of gcc
configure:2844: result: gcc3
configure:2902: checking for ranlib
configure:2918: found /usr/bin/ranlib
configure:2929: result: ranlib
configure:2954: checking for a BSD-compatible install
configure:3009: result: /usr/bin/install -c
configure:3025: checking for main in -lm
configure:3049: gcc -o conftest -g -O2   conftest.c -lm   >&5
configure:3055: $? = 0
configure:3059: test -z 
			 || test ! -s conftest.err
configure:3062: $? = 0
configure:3065: test -s conftest
configure:3068: $? = 0
configure:3081: result: yes
configure:3099: checking how to run the C preprocessor
configure:3134: gcc -E  conftest.c
configure:3140: $? = 0
configure:3172: gcc -E  conftest.c
conftest.c:12:28: error: ac_nonexistent.h: No such file or directory
configure:3178: $? = 1
configure: failed program was:
| /* confdefs.h.  */
| 
| #define PACKAGE_NAME "resample"
| #define PACKAGE_TARNAME "resample"
| #define PACKAGE_VERSION "1.8.1"
| #define PACKAGE_STRING "resample 1.8.1"
| #define PACKAGE_BUGREPORT "resample-bugs@w3k.org"
| #define PACKAGE "resample"
| #define VERSION "1.8.1"
| #define HAVE_LIBM 1
| /* end confdefs.h.  */
| #include <ac_nonexistent.h>
configure:3217: result: gcc -E
configure:3241: gcc -E  conftest.c
configure:3247: $? = 0
configure:3279: gcc -E  conftest.c
conftest.c:12:28: error: ac_nonexistent.h: No such file or directory
configure:3285: $? = 1
configure: failed program was:
| /* confdefs.h.  */
| 
| #define PACKAGE_NAME "resample"
| #define PACKAGE_TARNAME "resample"
| #define PACKAGE_VERSION "1.8.1"
| #define PACKAGE_STRING "resample 1.8.1"
| #define PACKAGE_BUGREPORT "resample-bugs@w3k.org"
| #define PACKAGE "resample"
| #define VERSION "1.8.1"
| #define HAVE_LIBM 1
| /* end confdefs.h.  */
| #include <ac_nonexistent.h>
configure:3329: checking for egrep
configure:3339: result: grep -E
configure:3344: checking for ANSI C header files
configure:3369: gcc -c -g -O2  conftest.c >&5
configure:3375: $? = 0
configure:3379: test -z 
			 || test ! -s conftest.err
configure:3382: $? = 0
configure:3385: test -s conftest.o
configure:3388: $? = 0
configure:3477: gcc -o conftest -g -O2   conftest.c -lm  >&5
conftest.c: In function 'main':
conftest.c:29: warning: incompatible implicit declaration of built-in function 'exit'
configure:3480: $? = 0
configure:3482: ./conftest
configure:3485: $? = 0
configure:3500: result: yes
configure:3524: checking for sys/types.h
configure:3540: gcc -c -g -O2  conftest.c >&5
configure:3546: $? = 0
configure:3550: test -z 
			 || test ! -s conftest.err
configure:3553: $? = 0
configure:3556: test -s conftest.o
configure:3559: $? = 0
configure:3570: result: yes
configure:3524: checking for sys/stat.h
configure:3540: gcc -c -g -O2  conftest.c >&5
configure:3546: $? = 0
configure:3550: test -z 
			 || test ! -s conftest.err
configure:3553: $? = 0
configure:3556: test -s conftest.o
configure:3559: $? = 0
configure:3570: result: yes
configure:3524: checking for stdlib.h
configure:3540: gcc -c -g -O2  conftest.c >&5
configure:3546: $? = 0
configure:3550: test -z 
			 || test ! -s conftest.err
configure:3553: $? = 0
configure:3556: test -s conftest.o
configure:3559: $? = 0
configure:3570: result: yes
configure:3524: checking for string.h
configure:3540: gcc -c -g -O2  conftest.c >&5
configure:3546: $? = 0
configure:3550: test -z 
			 || test ! -s conftest.err
configure:3553: $? = 0
configure:3556: test -s conftest.o
configure:3559: $? = 0
configure:3570: result: yes
configure:3524: checking for memory.h
configure:3540: gcc -c -g -O2  conftest.c >&5
configure:3546: $? = 0
configure:3550: test -z 
			 || test ! -s conftest.err
configure:3553: $? = 0
configure:3556: test -s conftest.o
configure:3559: $? = 0
configure:3570: result: yes
configure:3524: checking for strings.h
configure:3540: gcc -c -g -O2  conftest.c >&5
configure:3546: $? = 0
configure:3550: test -z 
			 || test ! -s conftest.err
configure:3553: $? = 0
configure:3556: test -s conftest.o
configure:3559: $? = 0
configure:3570: result: yes
configure:3524: checking for inttypes.h
configure:3540: gcc -c -g -O2  conftest.c >&5
configure:3546: $? = 0
configure:3550: test -z 
			 || test ! -s conftest.err
configure:3553: $? = 0
configure:3556: test -s conftest.o
configure:3559: $? = 0
configure:3570: result: yes
configure:3524: checking for stdint.h
configure:3540: gcc -c -g -O2  conftest.c >&5
configure:3546: $? = 0
configure:3550: test -z 
			 || test ! -s conftest.err
configure:3553: $? = 0
configure:3556: test -s conftest.o
configure:3559: $? = 0
configure:3570: result: yes
configure:3524: checking for unistd.h
configure:3540: gcc -c -g -O2  conftest.c >&5
configure:3546: $? = 0
configure:3550: test -z 
			 || test ! -s conftest.err
configure:3553: $? = 0
configure:3556: test -s conftest.o
configure:3559: $? = 0
configure:3570: result: yes
configure:3603: checking fcntl.h usability
configure:3615: gcc -c -g -O2  conftest.c >&5
configure:3621: $? = 0
configure:3625: test -z 
			 || test ! -s conftest.err
configure:3628: $? = 0
configure:3631: test -s conftest.o
configure:3634: $? = 0
configure:3644: result: yes
configure:3648: checking fcntl.h presence
configure:3658: gcc -E  conftest.c
configure:3664: $? = 0
configure:3684: result: yes
configure:3719: checking for fcntl.h
configure:3726: result: yes
configure:3603: checking limits.h usability
configure:3615: gcc -c -g -O2  conftest.c >&5
configure:3621: $? = 0
configure:3625: test -z 
			 || test ! -s conftest.err
configure:3628: $? = 0
configure:3631: test -s conftest.o
configure:3634: $? = 0
configure:3644: result: yes
configure:3648: checking limits.h presence
configure:3658: gcc -E  conftest.c
configure:3664: $? = 0
configure:3684: result: yes
configure:3719: checking for limits.h
configure:3726: result: yes
configure:3603: checking stddef.h usability
configure:3615: gcc -c -g -O2  conftest.c >&5
configure:3621: $? = 0
configure:3625: test -z 
			 || test ! -s conftest.err
configure:3628: $? = 0
configure:3631: test -s conftest.o
configure:3634: $? = 0
configure:3644: result: yes
configure:3648: checking stddef.h presence
configure:3658: gcc -E  conftest.c
configure:3664: $? = 0
configure:3684: result: yes
configure:3719: checking for stddef.h
configure:3726: result: yes
configure:3594: checking for stdint.h
configure:3599: result: yes
configure:3594: checking for stdlib.h
configure:3599: result: yes
configure:3594: checking for string.h
configure:3599: result: yes
configure:3603: checking sys/ioctl.h usability
configure:3615: gcc -c -g -O2  conftest.c >&5
configure:3621: $? = 0
configure:3625: test -z 
			 || test ! -s conftest.err
configure:3628: $? = 0
configure:3631: test -s conftest.o
configure:3634: $? = 0
configure:3644: result: yes
configure:3648: checking sys/ioctl.h presence
configure:3658: gcc -E  conftest.c
configure:3664: $? = 0
configure:3684: result: yes
configure:3719: checking for sys/ioctl.h
configure:3726: result: yes
configure:3594: checking for unistd.h
configure:3599: result: yes
configure:3741: checking for stdbool.h that conforms to C99
configure:3794: gcc -c -g -O2  conftest.c >&5
configure:3800: $? = 0
configure:3804: test -z 
			 || test ! -s conftest.err
configure:3807: $? = 0
configure:3810: test -s conftest.o
configure:3813: $? = 0
configure:3824: result: yes
configure:3826: checking for _Bool
configure:3850: gcc -c -g -O2  conftest.c >&5
configure:3856: $? = 0
configure:3860: test -z 
			 || test ! -s conftest.err
configure:3863: $? = 0
configure:3866: test -s conftest.o
configure:3869: $? = 0
configure:3880: result: yes
configure:3899: checking for an ANSI C-conforming const
configure:3966: gcc -c -g -O2  conftest.c >&5
configure:3972: $? = 0
configure:3976: test -z 
			 || test ! -s conftest.err
configure:3979: $? = 0
configure:3982: test -s conftest.o
configure:3985: $? = 0
configure:3996: result: yes
configure:4006: checking for mode_t
configure:4030: gcc -c -g -O2  conftest.c >&5
configure:4036: $? = 0
configure:4040: test -z 
			 || test ! -s conftest.err
configure:4043: $? = 0
configure:4046: test -s conftest.o
configure:4049: $? = 0
configure:4060: result: yes
configure:4072: checking for off_t
configure:4096: gcc -c -g -O2  conftest.c >&5
configure:4102: $? = 0
configure:4106: test -z 
			 || test ! -s conftest.err
configure:4109: $? = 0
configure:4112: test -s conftest.o
configure:4115: $? = 0
configure:4126: result: yes
configure:4138: checking for pid_t
configure:4162: gcc -c -g -O2  conftest.c >&5
configure:4168: $? = 0
configure:4172: test -z 
			 || test ! -s conftest.err
configure:4175: $? = 0
configure:4178: test -s conftest.o
configure:4181: $? = 0
configure:4192: result: yes
configure:4204: checking for size_t
configure:4228: gcc -c -g -O2  conftest.c >&5
configure:4234: $? = 0
configure:4238: test -z 
			 || test ! -s conftest.err
configure:4241: $? = 0
configure:4244: test -s conftest.o
configure:4247: $? = 0
configure:4258: result: yes
configure:4274: checking for working alloca.h
configure:4295: gcc -o conftest -g -O2   conftest.c -lm  >&5
configure:4301: $? = 0
configure:4305: test -z 
			 || test ! -s conftest.err
configure:4308: $? = 0
configure:4311: test -s conftest
configure:4314: $? = 0
configure:4326: result: yes
configure:4336: checking for alloca
configure:4377: gcc -o conftest -g -O2   conftest.c -lm  >&5
configure:4383: $? = 0
configure:4387: test -z 
			 || test ! -s conftest.err
configure:4390: $? = 0
configure:4393: test -s conftest
configure:4396: $? = 0
configure:4408: result: yes
configure:4632: checking whether gcc needs -traditional
configure:4674: result: no
configure:4686: checking for stdlib.h
configure:4691: result: yes
configure:4831: checking for GNU libc compatible malloc
configure:4860: gcc -o conftest -g -O2   conftest.c -lm  >&5
configure:4863: $? = 0
configure:4865: ./conftest
configure:4868: $? = 0
configure:4882: result: yes
configure:4917: checking for stdlib.h
configure:4922: result: yes
configure:5062: checking for GNU libc compatible realloc
configure:5091: gcc -o conftest -g -O2   conftest.c -lm  >&5
configure:5094: $? = 0
configure:5096: ./conftest
configure:5099: $? = 0
configure:5113: result: yes
configure:5143: checking whether lstat dereferences a symlink specified with a trailing slash
configure:5174: gcc -o conftest -g -O2   conftest.c -lm  >&5
configure:5177: $? = 0
configure:5179: ./conftest
configure:5182: $? = 0
configure:5203: result: yes
configure:5224: checking whether stat accepts an empty string
configure:5249: gcc -o conftest -g -O2   conftest.c -lm  >&5
configure:5252: $? = 0
configure:5254: ./conftest
configure:5257: $? = 1
configure: program exited with status 1
configure: failed program was:
| /* confdefs.h.  */
| 
| #define PACKAGE_NAME "resample"
| #define PACKAGE_TARNAME "resample"
| #define PACKAGE_VERSION "1.8.1"
| #define PACKAGE_STRING "resample 1.8.1"
| #define PACKAGE_BUGREPORT "resample-bugs@w3k.org"
| #define PACKAGE "resample"
| #define VERSION "1.8.1"
| #define HAVE_LIBM 1
| #define STDC_HEADERS 1
| #define HAVE_SYS_TYPES_H 1
| #define HAVE_SYS_STAT_H 1
| #define HAVE_STDLIB_H 1
| #define HAVE_STRING_H 1
| #define HAVE_MEMORY_H 1
| #define HAVE_STRINGS_H 1
| #define HAVE_INTTYPES_H 1
| #define HAVE_STDINT_H 1
| #define HAVE_UNISTD_H 1
| #define HAVE_FCNTL_H 1
| #define HAVE_LIMITS_H 1
| #define HAVE_STDDEF_H 1
| #define HAVE_STDINT_H 1
| #define HAVE_STDLIB_H 1
| #define HAVE_STRING_H 1
| #define HAVE_SYS_IOCTL_H 1
| #define HAVE_UNISTD_H 1
| #define HAVE__BOOL 1
| #define HAVE_STDBOOL_H 1
| #define HAVE_ALLOCA_H 1
| #define HAVE_ALLOCA 1
| #define HAVE_STDLIB_H 1
| #define HAVE_MALLOC 1
| #define HAVE_STDLIB_H 1
| #define HAVE_REALLOC 1
| #define LSTAT_FOLLOWS_SLASHED_SYMLINK 1
| /* end confdefs.h.  */
| #include <stdio.h>
| #if HAVE_SYS_TYPES_H
| # include <sys/types.h>
| #endif
| #if HAVE_SYS_STAT_H
| # include <sys/stat.h>
| #endif
| #if STDC_HEADERS
| # include <stdlib.h>
| # include <stddef.h>
| #else
| # if HAVE_STDLIB_H
| #  include <stdlib.h>
| # endif
| #endif
| #if HAVE_STRING_H
| # if !STDC_HEADERS && HAVE_MEMORY_H
| #  include <memory.h>
| # endif
| # include <string.h>
| #endif
| #if HAVE_STRINGS_H
| # include <strings.h>
| #endif
| #if HAVE_INTTYPES_H
| # include <inttypes.h>
| #else
| # if HAVE_STDINT_H
| #  include <stdint.h>
| # endif
| #endif
| #if HAVE_UNISTD_H
| # include <unistd.h>
| #endif
| int
| main ()
| {
| struct stat sbuf;
|   exit (stat ("", &sbuf) ? 1 : 0);
|   ;
|   return 0;
| }
configure:5271: result: no
configure:5293: checking for strftime
configure:5350: gcc -o conftest -g -O2   conftest.c -lm  >&5
conftest.c:63: warning: conflicting types for built-in function 'strftime'
configure:5356: $? = 0
configure:5360: test -z 
			 || test ! -s conftest.err
configure:5363: $? = 0
configure:5366: test -s conftest
configure:5369: $? = 0
configure:5381: result: yes
configure:5469: checking for vprintf
configure:5526: gcc -o conftest -g -O2   conftest.c -lm  >&5
conftest.c:64: warning: conflicting types for built-in function 'vprintf'
configure:5532: $? = 0
configure:5536: test -z 
			 || test ! -s conftest.err
configure:5539: $? = 0
configure:5542: test -s conftest
configure:5545: $? = 0
configure:5557: result: yes
configure:5564: checking for _doprnt
configure:5621: gcc -o conftest -g -O2   conftest.c -lm  >&5
/tmp/ccRNWJn0.o: In function `main':
/home/giulio/Desktop/Dropbox/bbds/tmp/BBDresample/conftest.c:80: undefined reference to `_doprnt'
/tmp/ccRNWJn0.o:(.data+0x0): undefined reference to `_doprnt'
collect2: ld returned 1 exit status
configure:5627: $? = 1
configure: failed program was:
| /* confdefs.h.  */
| 
| #define PACKAGE_NAME "resample"
| #define PACKAGE_TARNAME "resample"
| #define PACKAGE_VERSION "1.8.1"
| #define PACKAGE_STRING "resample 1.8.1"
| #define PACKAGE_BUGREPORT "resample-bugs@w3k.org"
| #define PACKAGE "resample"
| #define VERSION "1.8.1"
| #define HAVE_LIBM 1
| #define STDC_HEADERS 1
| #define HAVE_SYS_TYPES_H 1
| #define HAVE_SYS_STAT_H 1
| #define HAVE_STDLIB_H 1
| #define HAVE_STRING_H 1
| #define HAVE_MEMORY_H 1
| #define HAVE_STRINGS_H 1
| #define HAVE_INTTYPES_H 1
| #define HAVE_STDINT_H 1
| #define HAVE_UNISTD_H 1
| #define HAVE_FCNTL_H 1
| #define HAVE_LIMITS_H 1
| #define HAVE_STDDEF_H 1
| #define HAVE_STDINT_H 1
| #define HAVE_STDLIB_H 1
| #define HAVE_STRING_H 1
| #define HAVE_SYS_IOCTL_H 1
| #define HAVE_UNISTD_H 1
| #define HAVE__BOOL 1
| #define HAVE_STDBOOL_H 1
| #define HAVE_ALLOCA_H 1
| #define HAVE_ALLOCA 1
| #define HAVE_STDLIB_H 1
| #define HAVE_MALLOC 1
| #define HAVE_STDLIB_H 1
| #define HAVE_REALLOC 1
| #define LSTAT_FOLLOWS_SLASHED_SYMLINK 1
| #define HAVE_STRFTIME 1
| #define HAVE_VPRINTF 1
| /* end confdefs.h.  */
| /* Define _doprnt to an innocuous variant, in case <limits.h> declares _doprnt.
|    For example, HP-UX 11i <limits.h> declares gettimeofday.  */
| #define _doprnt innocuous__doprnt
| 
| /* System header to define __stub macros and hopefully few prototypes,
|     which can conflict with char _doprnt (); below.
|     Prefer <limits.h> to <assert.h> if __STDC__ is defined, since
|     <limits.h> exists even on freestanding compilers.  */
| 
| #ifdef __STDC__
| # include <limits.h>
| #else
| # include <assert.h>
| #endif
| 
| #undef _doprnt
| 
| /* Override any gcc2 internal prototype to avoid an error.  */
| #ifdef __cplusplus
| extern "C"
| {
| #endif
| /* We use char because int might match the return type of a gcc2
|    builtin and then its argument prototype would still apply.  */
| char _doprnt ();
| /* The GNU C library defines this for functions which it implements
|     to always fail with ENOSYS.  Some functions are actually named
|     something starting with __ and the normal name is an alias.  */
| #if defined (__stub__doprnt) || defined (__stub____doprnt)
| choke me
| #else
| char (*f) () = _doprnt;
| #endif
| #ifdef __cplusplus
| }
| #endif
| 
| int
| main ()
| {
| return f != _doprnt;
|   ;
|   return 0;
| }
configure:5652: result: no
configure:5680: checking for atexit
configure:5737: gcc -o conftest -g -O2   conftest.c -lm  >&5
configure:5743: $? = 0
configure:5747: test -z 
			 || test ! -s conftest.err
configure:5750: $? = 0
configure:5753: test -s conftest
configure:5756: $? = 0
configure:5768: result: yes
configure:5680: checking for floor
configure:5737: gcc -o conftest -g -O2   conftest.c -lm  >&5
conftest.c:66: warning: conflicting types for built-in function 'floor'
configure:5743: $? = 0
configure:5747: test -z 
			 || test ! -s conftest.err
configure:5750: $? = 0
configure:5753: test -s conftest
configure:5756: $? = 0
configure:5768: result: yes
configure:5680: checking for getcwd
configure:5737: gcc -o conftest -g -O2   conftest.c -lm  >&5
configure:5743: $? = 0
configure:5747: test -z 
			 || test ! -s conftest.err
configure:5750: $? = 0
configure:5753: test -s conftest
configure:5756: $? = 0
configure:5768: result: yes
configure:5680: checking for memmove
configure:5737: gcc -o conftest -g -O2   conftest.c -lm  >&5
conftest.c:68: warning: conflicting types for built-in function 'memmove'
configure:5743: $? = 0
configure:5747: test -z 
			 || test ! -s conftest.err
configure:5750: $? = 0
configure:5753: test -s conftest
configure:5756: $? = 0
configure:5768: result: yes
configure:5680: checking for memset
configure:5737: gcc -o conftest -g -O2   conftest.c -lm  >&5
conftest.c:69: warning: conflicting types for built-in function 'memset'
configure:5743: $? = 0
configure:5747: test -z 
			 || test ! -s conftest.err
configure:5750: $? = 0
configure:5753: test -s conftest
configure:5756: $? = 0
configure:5768: result: yes
configure:5680: checking for pathconf
configure:5737: gcc -o conftest -g -O2   conftest.c -lm  >&5
configure:5743: $? = 0
configure:5747: test -z 
			 || test ! -s conftest.err
configure:5750: $? = 0
configure:5753: test -s conftest
configure:5756: $? = 0
configure:5768: result: yes
configure:5680: checking for pow
configure:5737: gcc -o conftest -g -O2   conftest.c -lm  >&5
conftest.c:71: warning: conflicting types for built-in function 'pow'
configure:5743: $? = 0
configure:5747: test -z 
			 || test ! -s conftest.err
configure:5750: $? = 0
configure:5753: test -s conftest
configure:5756: $? = 0
configure:5768: result: yes
configure:5680: checking for sqrt
configure:5737: gcc -o conftest -g -O2   conftest.c -lm  >&5
conftest.c:72: warning: conflicting types for built-in function 'sqrt'
configure:5743: $? = 0
configure:5747: test -z 
			 || test ! -s conftest.err
configure:5750: $? = 0
configure:5753: test -s conftest
configure:5756: $? = 0
configure:5768: result: yes
configure:5680: checking for strdup
configure:5737: gcc -o conftest -g -O2   conftest.c -lm  >&5
conftest.c:73: warning: conflicting types for built-in function 'strdup'
configure:5743: $? = 0
configure:5747: test -z 
			 || test ! -s conftest.err
configure:5750: $? = 0
configure:5753: test -s conftest
configure:5756: $? = 0
configure:5768: result: yes
configure:5680: checking for strerror
configure:5737: gcc -o conftest -g -O2   conftest.c -lm  >&5
configure:5743: $? = 0
configure:5747: test -z 
			 || test ! -s conftest.err
configure:5750: $? = 0
configure:5753: test -s conftest
configure:5756: $? = 0
configure:5768: result: yes
configure:5680: checking for strtol
configure:5737: gcc -o conftest -g -O2   conftest.c -lm  >&5
configure:5743: $? = 0
configure:5747: test -z 
			 || test ! -s conftest.err
configure:5750: $? = 0
configure:5753: test -s conftest
configure:5756: $? = 0
configure:5768: result: yes
configure:5890: creating ./config.status
configure:7333: checking dependency style of gcc
configure:7423: result: gcc3

## ---------------- ##
## Cache variables. ##
## ---------------- ##

ac_cv_c_compiler_gnu=yes
ac_cv_c_const=yes
ac_cv_env_CC_set=
ac_cv_env_CC_value=
ac_cv_env_CFLAGS_set=
ac_cv_env_CFLAGS_value=
ac_cv_env_CPPFLAGS_set=
ac_cv_env_CPPFLAGS_value=
ac_cv_env_CPP_set=
ac_cv_env_CPP_value=
ac_cv_env_LDFLAGS_set=
ac_cv_env_LDFLAGS_value=
ac_cv_env_build_alias_set=
ac_cv_env_build_alias_value=
ac_cv_env_host_alias_set=
ac_cv_env_host_alias_value=
ac_cv_env_target_alias_set=
ac_cv_env_target_alias_value=
ac_cv_exeext=
ac_cv_func__doprnt=no
ac_cv_func_alloca_works=yes
ac_cv_func_atexit=yes
ac_cv_func_floor=yes
ac_cv_func_getcwd=yes
ac_cv_func_lstat_dereferences_slashed_symlink=yes
ac_cv_func_malloc_0_nonnull=yes
ac_cv_func_memmove=yes
ac_cv_func_memset=yes
ac_cv_func_pathconf=yes
ac_cv_func_pow=yes
ac_cv_func_realloc_0_nonnull=yes
ac_cv_func_sqrt=yes
ac_cv_func_stat_empty_string_bug=no
ac_cv_func_strdup=yes
ac_cv_func_strerror=yes
ac_cv_func_strftime=yes
ac_cv_func_strtol=yes
ac_cv_func_vprintf=yes
ac_cv_header_fcntl_h=yes
ac_cv_header_inttypes_h=yes
ac_cv_header_limits_h=yes
ac_cv_header_memory_h=yes
ac_cv_header_stdbool_h=yes
ac_cv_header_stdc=yes
ac_cv_header_stddef_h=yes
ac_cv_header_stdint_h=yes
ac_cv_header_stdlib_h=yes
ac_cv_header_string_h=yes
ac_cv_header_strings_h=yes
ac_cv_header_sys_ioctl_h=yes
ac_cv_header_sys_stat_h=yes
ac_cv_header_sys_types_h=yes
ac_cv_header_unistd_h=yes
ac_cv_lib_m_main=yes
ac_cv_objext=o
ac_cv_path_install='/usr/bin/install -c'
ac_cv_prog_AWK=gawk
ac_cv_prog_CPP='gcc -E'
ac_cv_prog_ac_ct_CC=gcc
ac_cv_prog_ac_ct_RANLIB=ranlib
ac_cv_prog_cc_g=yes
ac_cv_prog_cc_stdc=
ac_cv_prog_egrep='grep -E'
ac_cv_prog_gcc_traditional=no
ac_cv_prog_make_make_set=yes
ac_cv_type__Bool=yes
ac_cv_type_mode_t=yes
ac_cv_type_off_t=yes
ac_cv_type_pid_t=yes
ac_cv_type_size_t=yes
ac_cv_working_alloca_h=yes
am_cv_CC_dependencies_compiler_type=gcc3

## ----------------- ##
## Output variables. ##
## ----------------- ##

ACLOCAL='${SHELL} /home/giulio/Desktop/Dropbox/bbds/tmp/BBDresample/missing --run aclocal-1.9'
ALLOCA=''
AMDEPBACKSLASH='\'
AMDEP_FALSE='#'
AMDEP_TRUE=''
AMTAR='${SHELL} /home/giulio/Desktop/Dropbox/bbds/tmp/BBDresample/missing --run tar'
AUTOCONF='${SHELL} /home/giulio/Desktop/Dropbox/bbds/tmp/BBDresample/missing --run autoconf'
AUTOHEADER='${SHELL} /home/giulio/Desktop/Dropbox/bbds/tmp/BBDresample/missing --run autoheader'
AUTOMAKE='${SHELL} /home/giulio/Desktop/Dropbox/bbds/tmp/BBDresample/missing --run automake-1.9'
AWK='gawk'
CC='gcc'
CCDEPMODE='depmode=gcc3'
CFLAGS='-g -O2'
CPP='gcc -E'
CPPFLAGS=''
CYGPATH_W='echo'
DEFS='-DHAVE_CONFIG_H'
DEPDIR='.deps'
ECHO_C=''
ECHO_N='-n'
ECHO_T=''
EGREP='grep -E'
EXEEXT=''
INSTALL_DATA='${INSTALL} -m 644'
INSTALL_PROGRAM='${INSTALL}'
INSTALL_SCRIPT='${INSTALL}'
INSTALL_STRIP_PROGRAM='${SHELL} $(install_sh) -c -s'
LDFLAGS=''
LIBOBJS=''
LIBS='-lm '
LTLIBOBJS=''
MAKEINFO='${SHELL} /home/giulio/Desktop/Dropbox/bbds/tmp/BBDresample/missing --run makeinfo'
OBJEXT='o'
PACKAGE='resample'
PACKAGE_BUGREPORT='resample-bugs@w3k.org'
PACKAGE_NAME='resample'
PACKAGE_STRING='resample 1.8.1'
PACKAGE_TARNAME='resample'
PACKAGE_VERSION='1.8.1'
PATH_SEPARATOR=':'
RANLIB='ranlib'
SET_MAKE=''
SHELL='/bin/sh'
STRIP=''
VERSION='1.8.1'
ac_ct_CC='gcc'
ac_ct_RANLIB='ranlib'
ac_ct_STRIP=''
am__fastdepCC_FALSE='#'
am__fastdepCC_TRUE=''
am__include='include'
am__leading_dot='.'
am__quote=''
am__tar='${AMTAR} chof - "$$tardir"'
am__untar='${AMTAR} xf -'
bindir='${exec_prefix}/bin'
build_alias=''
datadir='${prefix}/share'
exec_prefix='${prefix}'
host_alias=''
includedir='${prefix}/include'
infodir='${prefix}/info'
install_sh='/home/giulio/Desktop/Dropbox/bbds/tmp/BBDresample/install-sh'
libdir='${exec_prefix}/lib'
libexecdir='${exec_prefix}/libexec'
localstatedir='${prefix}/var'
mandir='${prefix}/man'
mkdir_p='mkdir -p --'
oldincludedir='/usr/include'
prefix='/usr/local'
program_transform_name='s,x,x,'
sbindir='${exec_prefix}/sbin'
sharedstatedir='${prefix}/com'
sysconfdir='${prefix}/etc'
target_alias=''

## ----------- ##
## confdefs.h. ##
## ----------- ##

#define HAVE_ALLOCA 1
#define HAVE_ALLOCA_H 1
#define HAVE_ATEXIT 1
#define HAVE_FCNTL_H 1
#define HAVE_FLOOR 1
#define HAVE_GETCWD 1
#define HAVE_INTTYPES_H 1
#define HAVE_LIBM 1
#define HAVE_LIMITS_H 1
#define HAVE_MALLOC 1
#define HAVE_MEMMOVE 1
#define HAVE_MEMORY_H 1
#define HAVE_MEMSET 1
#define HAVE_PATHCONF 1
#define HAVE_POW 1
#define HAVE_REALLOC 1
#define HAVE_SQRT 1
#define HAVE_STDBOOL_H 1
#define HAVE_STDDEF_H 1
#define HAVE_STDINT_H 1
#define HAVE_STDINT_H 1
#define HAVE_STDLIB_H 1
#define HAVE_STDLIB_H 1
#define HAVE_STDLIB_H 1
#define HAVE_STDLIB_H 1
#define HAVE_STRDUP 1
#define HAVE_STRERROR 1
#define HAVE_STRFTIME 1
#define HAVE_STRINGS_H 1
#define HAVE_STRING_H 1
#define HAVE_STRING_H 1
#define HAVE_STRTOL 1
#define HAVE_SYS_IOCTL_H 1
#define HAVE_SYS_STAT_H 1
#define HAVE_SYS_TYPES_H 1
#define HAVE_UNISTD_H 1
#define HAVE_UNISTD_H 1
#define HAVE_VPRINTF 1
#define HAVE__BOOL 1
#define LSTAT_FOLLOWS_SLASHED_SYMLINK 1
#define PACKAGE "resample"
#define PACKAGE "resample"
#define PACKAGE_BUGREPORT "resample-bugs@w3k.org"
#define PACKAGE_NAME "resample"
#define PACKAGE_STRING "resample 1.8.1"
#define PACKAGE_TARNAME "resample"
#define PACKAGE_VERSION "1.8.1"
#define STDC_HEADERS 1
#define VERSION "1.8.1"
#define VERSION "1.8.1"

configure: exit 0

## ---------------------- ##
## Running config.status. ##
## ---------------------- ##

This file was extended by resample config.status 1.8.1, which was
generated by GNU Autoconf 2.59.  Invocation command line was

  CONFIG_FILES    = 
  CONFIG_HEADERS  = 
  CONFIG_LINKS    = 
  CONFIG_COMMANDS = 
  $ ./config.status 

on lucid-1001px

config.status:696: creating Makefile
config.status:696: creating man/Makefile
config.status:696: creating sndlib-20/makefile
config.status:696: creating sndlib-20/sndins/Makefile
config.status:696: creating src/Makefile
config.status:800: creating config.h
config.status:986: config.h is unchanged
config.status:1166: executing depfiles commands
